<?xml version="1.0" encoding="UTF-8"?>
<!-- Generated by org.testng.reporters.JUnitXMLReporter -->
<testsuite ignored="0" hostname="serahate-4S6RKN3" failures="0" tests="5" name="Default test" time="2.14" errors="0" timestamp="2024-07-26T09:44:25 IST">
  <testcase classname="testCases.TC_VideoGameAPI" name="test_getAllVideoGames" time="1.081"/>
  <testcase classname="testCases.TC_VideoGameAPI" name="test_addNewVideoGame" time="0.367"/>
  <testcase classname="testCases.TC_VideoGameAPI" name="test_getVedeoGame" time="0.57"/>
  <testcase classname="testCases.TC_VideoGameAPI" name="test_UpdateVideoGame" time="0.06"/>
  <testcase classname="testCases.TC_VideoGameAPI" name="test_DeleteVideoGame" time="0.015"/>
</testsuite> <!-- Default test -->
