<?xml version="1.0" encoding="UTF-8"?>
<testng-results ignored="0" total="0" passed="0" failed="0" skipped="0">
  <reporter-output>
  </reporter-output>
  <suite started-at="2024-07-25T10:01:13 IST" name="VedeoGameProject.VedeoGameProject.AppTest" finished-at="2024-07-25T10:01:13 IST" duration-ms="11">
    <groups>
    </groups>
    <test started-at="2024-07-25T10:01:13 IST" name="Command line test" finished-at="2024-07-25T10:01:13 IST" duration-ms="11">
    </test> <!-- Command line test -->
  </suite> <!-- VedeoGameProject.VedeoGameProject.AppTest -->
</testng-results>
