<?xml version="1.0" encoding="UTF-8"?>
<testng-results ignored="0" total="5" passed="5" failed="0" skipped="0">
  <reporter-output>
  </reporter-output>
  <suite started-at="2024-07-26T09:44:23 IST" name="Default suite" finished-at="2024-07-26T09:44:25 IST" duration-ms="2140">
    <groups>
    </groups>
    <test started-at="2024-07-26T09:44:23 IST" name="Default test" finished-at="2024-07-26T09:44:25 IST" duration-ms="2140">
      <class name="testCases.TC_VideoGameAPI">
        <test-method signature="test_getAllVideoGames()[pri:1, instance:testCases.TC_VideoGameAPI@d86a6f]" started-at="2024-07-26T09:44:23 IST" name="test_getAllVideoGames" finished-at="2024-07-26T09:44:24 IST" duration-ms="1081" status="PASS">
          <reporter-output>
          </reporter-output>
        </test-method> <!-- test_getAllVideoGames -->
        <test-method signature="test_addNewVideoGame()[pri:2, instance:testCases.TC_VideoGameAPI@d86a6f]" started-at="2024-07-26T09:44:24 IST" name="test_addNewVideoGame" finished-at="2024-07-26T09:44:25 IST" duration-ms="367" status="PASS">
          <reporter-output>
          </reporter-output>
        </test-method> <!-- test_addNewVideoGame -->
        <test-method signature="test_getVedeoGame()[pri:3, instance:testCases.TC_VideoGameAPI@d86a6f]" started-at="2024-07-26T09:44:25 IST" name="test_getVedeoGame" finished-at="2024-07-26T09:44:25 IST" duration-ms="570" status="PASS">
          <reporter-output>
          </reporter-output>
        </test-method> <!-- test_getVedeoGame -->
        <test-method signature="test_UpdateVideoGame()[pri:4, instance:testCases.TC_VideoGameAPI@d86a6f]" started-at="2024-07-26T09:44:25 IST" name="test_UpdateVideoGame" finished-at="2024-07-26T09:44:25 IST" duration-ms="60" status="PASS">
          <reporter-output>
          </reporter-output>
        </test-method> <!-- test_UpdateVideoGame -->
        <test-method signature="test_DeleteVideoGame()[pri:5, instance:testCases.TC_VideoGameAPI@d86a6f]" started-at="2024-07-26T09:44:25 IST" name="test_DeleteVideoGame" finished-at="2024-07-26T09:44:25 IST" duration-ms="15" status="PASS">
          <reporter-output>
          </reporter-output>
        </test-method> <!-- test_DeleteVideoGame -->
      </class> <!-- testCases.TC_VideoGameAPI -->
    </test> <!-- Default test -->
  </suite> <!-- Default suite -->
</testng-results>
